Using pre-set license
Built from '2020.3/china_unity/release' branch; Version is '2020.3.27f1c1 (35c20f28741a) revision 3523087'; Using compiler version '192528614'; Build Type 'Release'
OS: 'Windows 11  (10.0.22000) 64bit CoreCountrySpecific' Language: 'zh' Physical Memory: 16280 MB
BatchMode: 1, IsHumanControllingUs: 0, StartBugReporterOnCrash: 0, Is64bit: 1, IsPro: 0

COMMAND LINE ARGUMENTS:
G:\Untiy\2020.3.27f1c1\Editor\Unity.exe
-adb2
-batchMode
-noUpm
-name
AssetImportWorker0
-projectPath
G:/Project/UnityProject/FastBuilding
-logFile
Logs/AssetImportWorker0.log
-srvPort
12312
Successfully changed project path to: G:/Project/UnityProject/FastBuilding
G:/Project/UnityProject/FastBuilding
Using Asset Import Pipeline V2.
AS: AutoStreaming module initializing.Refreshing native plugins compatible for Editor in 49.02 ms, found 2 plugins.
Preloading 0 native plugins for Editor in 0.00 ms.
Initialize engine version: 2020.3.27f1c1 (35c20f28741a)
[Subsystems] Discovering subsystems at path G:/Untiy/2020.3.27f1c1/Editor/Data/Resources/UnitySubsystems
[Subsystems] Discovering subsystems at path G:/Project/UnityProject/FastBuilding/Assets
GfxDevice: creating device client; threaded=0
Direct3D:
    Version:  Direct3D 11.0 [level 11.1]
    Renderer: NVIDIA GeForce RTX 2070 (ID=0x1f14)
    Vendor:   
    VRAM:     8031 MB
    Driver:   30.0.15.1228
Initialize mono
Mono path[0] = 'G:/Untiy/2020.3.27f1c1/Editor/Data/Managed'
Mono path[1] = 'G:/Untiy/2020.3.27f1c1/Editor/Data/MonoBleedingEdge/lib/mono/unityjit'
Mono config path = 'G:/Untiy/2020.3.27f1c1/Editor/Data/MonoBleedingEdge/etc'
Using monoOptions --debugger-agent=transport=dt_socket,embedding=1,server=y,suspend=n,address=127.0.0.1:56632
Begin MonoManager ReloadAssembly
Registering precompiled unity dll's ...
Register platform support module: G:/Untiy/2020.3.27f1c1/Editor/Data/PlaybackEngines/WebGLSupport/UnityEditor.WebGL.Extensions.dll
Register platform support module: G:/Untiy/2020.3.27f1c1/Editor/Data/PlaybackEngines/WindowsStandaloneSupport/UnityEditor.WindowsStandalone.Extensions.dll
Registered in 0.000915 seconds.
Native extension for WindowsStandalone target not found
Native extension for WebGL target not found
Refreshing native plugins compatible for Editor in 45.13 ms, found 2 plugins.
Preloading 0 native plugins for Editor in 0.00 ms.
Mono: successfully reloaded assembly
- Completed reload, in  0.487 seconds
Domain Reload Profiling:
	ReloadAssembly (487ms)
		BeginReloadAssembly (46ms)
			ExecutionOrderSort (0ms)
			DisableScriptedObjects (0ms)
			BackupInstance (0ms)
			ReleaseScriptingObjects (0ms)
			CreateAndSetChildDomain (1ms)
		EndReloadAssembly (383ms)
			LoadAssemblies (46ms)
			RebuildTransferFunctionScriptingTraits (0ms)
			SetupTypeCache (127ms)
			ReleaseScriptCaches (0ms)
			RebuildScriptCaches (25ms)
			SetupLoadedEditorAssemblies (151ms)
				LogAssemblyErrors (0ms)
				InitializePlatformSupportModulesInManaged (4ms)
				SetLoadedEditorAssemblies (0ms)
				RefreshPlugins (45ms)
				BeforeProcessingInitializeOnLoad (11ms)
				ProcessInitializeOnLoadAttributes (68ms)
				ProcessInitializeOnLoadMethodAttributes (22ms)
				AfterProcessingInitializeOnLoad (0ms)
				EditorAssembliesLoaded (0ms)
			ExecutionOrderSort2 (0ms)
			AwakeInstancesAfterBackupRestoration (0ms)
Platform modules already initialized, skipping
Registering precompiled user dll's ...
Registered in 0.004797 seconds.
Begin MonoManager ReloadAssembly
Symbol file LoadedFromMemory doesn't match image G:\Project\UnityProject\FastBuilding\Assets\Scripts\Map\VR_ChuangKe_Share.Map.Work.dll
Symbol file LoadedFromMemory doesn't match image G:\Project\UnityProject\FastBuilding\Assets\Scripts\Map\VR_ChuangKe_Share.Map.Tool.dll
Symbol file LoadedFromMemory doesn't match image G:\Project\UnityProject\FastBuilding\Assets\Scripts\Map\VR_ChuangKe_Share.Map.Model.dll
Symbol file LoadedFromMemory doesn't match image G:\Project\UnityProject\FastBuilding\Assets\Scripts\Map\VR_ChuangKe_Share.Map.Mb.dll
Unknown heap type: #GUlD

Unknown heap type: #Blop

Symbol file LoadedFromMemory doesn't match image G:\Project\UnityProject\FastBuilding\Assets\Scripts\Map\VR_ChuangKe_Share.Map.Base.dll
Native extension for WindowsStandalone target not found
Native extension for WebGL target not found
Refreshing native plugins compatible for Editor in 0.61 ms, found 2 plugins.
Preloading 0 native plugins for Editor in 0.00 ms.
Mono: successfully reloaded assembly
- Completed reload, in  0.830 seconds
Domain Reload Profiling:
	ReloadAssembly (831ms)
		BeginReloadAssembly (123ms)
			ExecutionOrderSort (0ms)
			DisableScriptedObjects (4ms)
			BackupInstance (0ms)
			ReleaseScriptingObjects (0ms)
			CreateAndSetChildDomain (17ms)
		EndReloadAssembly (660ms)
			LoadAssemblies (76ms)
			RebuildTransferFunctionScriptingTraits (0ms)
			SetupTypeCache (239ms)
			ReleaseScriptCaches (0ms)
			RebuildScriptCaches (37ms)
			SetupLoadedEditorAssemblies (232ms)
				LogAssemblyErrors (0ms)
				InitializePlatformSupportModulesInManaged (5ms)
				SetLoadedEditorAssemblies (0ms)
				RefreshPlugins (1ms)
				BeforeProcessingInitializeOnLoad (66ms)
				ProcessInitializeOnLoadAttributes (152ms)
				ProcessInitializeOnLoadMethodAttributes (7ms)
				AfterProcessingInitializeOnLoad (2ms)
				EditorAssembliesLoaded (0ms)
			ExecutionOrderSort2 (0ms)
			AwakeInstancesAfterBackupRestoration (5ms)
Platform modules already initialized, skipping
========================================================================
Worker process is ready to serve import requests
Launched and connected shader compiler UnityShaderCompiler.exe after 0.04 seconds
Refreshing native plugins compatible for Editor in 0.91 ms, found 2 plugins.
Preloading 0 native plugins for Editor in 0.00 ms.
Unloading 1563 Unused Serialized files (Serialized files now loaded: 0)
System memory in use before: 73.0 MB.
System memory in use after: 73.1 MB.

Unloading 31 unused Assets to reduce memory usage. Loaded Objects now: 2016.
Total: 2.821500 ms (FindLiveObjects: 0.148200 ms CreateObjectMapping: 0.035600 ms MarkObjects: 2.564700 ms  DeleteObjects: 0.071900 ms)

AssetImportParameters requested are different than current active one (requested -> active):
  custom:framework-win-MediaFoundation: 216162199b28c13a410421893ffa2e32 -> 
  custom:video-decoder-ogg-theora: a1e56fd34408186e4bbccfd4996cb3dc -> 
  custom:container-muxer-webm: aa71ff27fc2769a1b78a27578f13a17b -> 
  custom:container-demuxer-webm: 4f35f7cbe854078d1ac9338744f61a02 -> 
  custom:container-demuxer-ogg: 62fdf1f143b41e24485cea50d1cbac27 -> 
  custom:video-encoder-webm-vp8: eb34c28f22e8b96e1ab97ce403110664 -> 
  custom:video-decoder-webm-vp8: 9c59270c3fd7afecdb556c50c9e8de78 -> 
  custom:audio-decoder-ogg-vorbis: bf7c407c2cedff20999df2af8eb42d56 -> 
  custom:audio-encoder-webm-vorbis: bf7c407c2cedff20999df2af8eb42d56 -> 
========================================================================
Received Import Request.
  path: Assets/Scripts/Map/Editor
  artifactKey: Guid(31371f146942a4cb2a7640ed8e11534c) Importer(815301076,1909f56bfc062723c751e8b465ee728b)
Start importing Assets/Scripts/Map/Editor using Guid(31371f146942a4cb2a7640ed8e11534c) Importer(815301076,1909f56bfc062723c751e8b465ee728b)  -> (artifact id: '925c32744ceea2d804f0f970f3f6b31b') in 0.005132 seconds 
  Import took 0.007421 seconds .

========================================================================
Received Import Request.
  Time since last request: 83.921461 seconds.
  path: Assets/Scripts/FastBuilding
  artifactKey: Guid(76b932a37c4bb3842a8d52256b52a871) Importer(815301076,1909f56bfc062723c751e8b465ee728b)
Start importing Assets/Scripts/FastBuilding using Guid(76b932a37c4bb3842a8d52256b52a871) Importer(815301076,1909f56bfc062723c751e8b465ee728b)  -> (artifact id: 'c342e198d2f65ba80cfcb1b6106995fd') in 0.003015 seconds 
  Import took 0.005354 seconds .

========================================================================
Received Import Request.
  Time since last request: 10.104368 seconds.
  path: Assets/Scripts/FastBuilding/CreatePlane.cs
  artifactKey: Guid(9511f562946bab34280d3488a2850061) Importer(815301076,1909f56bfc062723c751e8b465ee728b)
Start importing Assets/Scripts/FastBuilding/CreatePlane.cs using Guid(9511f562946bab34280d3488a2850061) Importer(815301076,1909f56bfc062723c751e8b465ee728b)  -> (artifact id: '326ab0c397d1a89b9c3e23034be43a5f') in 0.021154 seconds 
  Import took 0.023464 seconds .

========================================================================
Received Prepare
Registering precompiled user dll's ...
Registered in 0.005476 seconds.
Begin MonoManager ReloadAssembly
Symbol file LoadedFromMemory doesn't match image G:\Project\UnityProject\FastBuilding\Assets\Scripts\Map\VR_ChuangKe_Share.Map.Work.dll
Symbol file LoadedFromMemory doesn't match image G:\Project\UnityProject\FastBuilding\Assets\Scripts\Map\VR_ChuangKe_Share.Map.Tool.dll
Symbol file LoadedFromMemory doesn't match image G:\Project\UnityProject\FastBuilding\Assets\Scripts\Map\VR_ChuangKe_Share.Map.Model.dll
Symbol file LoadedFromMemory doesn't match image G:\Project\UnityProject\FastBuilding\Assets\Scripts\Map\VR_ChuangKe_Share.Map.Mb.dll
Unknown heap type: #GUlD

Unknown heap type: #Blop

Symbol file LoadedFromMemory doesn't match image G:\Project\UnityProject\FastBuilding\Assets\Scripts\Map\VR_ChuangKe_Share.Map.Base.dll
Native extension for WindowsStandalone target not found
Native extension for WebGL target not found
Refreshing native plugins compatible for Editor in 0.71 ms, found 2 plugins.
Preloading 0 native plugins for Editor in 0.00 ms.
Mono: successfully reloaded assembly
- Completed reload, in  0.832 seconds
Domain Reload Profiling:
	ReloadAssembly (832ms)
		BeginReloadAssembly (102ms)
			ExecutionOrderSort (0ms)
			DisableScriptedObjects (4ms)
			BackupInstance (0ms)
			ReleaseScriptingObjects (0ms)
			CreateAndSetChildDomain (31ms)
		EndReloadAssembly (671ms)
			LoadAssemblies (82ms)
			RebuildTransferFunctionScriptingTraits (0ms)
			SetupTypeCache (241ms)
			ReleaseScriptCaches (1ms)
			RebuildScriptCaches (31ms)
			SetupLoadedEditorAssemblies (244ms)
				LogAssemblyErrors (0ms)
				InitializePlatformSupportModulesInManaged (5ms)
				SetLoadedEditorAssemblies (0ms)
				RefreshPlugins (1ms)
				BeforeProcessingInitializeOnLoad (70ms)
				ProcessInitializeOnLoadAttributes (157ms)
				ProcessInitializeOnLoadMethodAttributes (9ms)
				AfterProcessingInitializeOnLoad (2ms)
				EditorAssembliesLoaded (0ms)
			ExecutionOrderSort2 (0ms)
			AwakeInstancesAfterBackupRestoration (7ms)
Platform modules already initialized, skipping
Refreshing native plugins compatible for Editor in 0.88 ms, found 2 plugins.
Preloading 0 native plugins for Editor in 0.00 ms.
Unloading 1558 Unused Serialized files (Serialized files now loaded: 0)
System memory in use before: 72.8 MB.
System memory in use after: 72.9 MB.

Unloading 26 unused Assets to reduce memory usage. Loaded Objects now: 2019.
Total: 2.522400 ms (FindLiveObjects: 0.137300 ms CreateObjectMapping: 0.041200 ms MarkObjects: 2.322900 ms  DeleteObjects: 0.020100 ms)

AssetImportParameters requested are different than current active one (requested -> active):
  custom:framework-win-MediaFoundation: 216162199b28c13a410421893ffa2e32 -> 
  custom:video-decoder-ogg-theora: a1e56fd34408186e4bbccfd4996cb3dc -> 
  custom:container-muxer-webm: aa71ff27fc2769a1b78a27578f13a17b -> 
  custom:container-demuxer-webm: 4f35f7cbe854078d1ac9338744f61a02 -> 
  custom:container-demuxer-ogg: 62fdf1f143b41e24485cea50d1cbac27 -> 
  custom:video-encoder-webm-vp8: eb34c28f22e8b96e1ab97ce403110664 -> 
  custom:video-decoder-webm-vp8: 9c59270c3fd7afecdb556c50c9e8de78 -> 
  custom:audio-decoder-ogg-vorbis: bf7c407c2cedff20999df2af8eb42d56 -> 
  custom:audio-encoder-webm-vorbis: bf7c407c2cedff20999df2af8eb42d56 -> 
========================================================================
Received Prepare
Registering precompiled user dll's ...
Registered in 0.005322 seconds.
Begin MonoManager ReloadAssembly
Symbol file LoadedFromMemory doesn't match image G:\Project\UnityProject\FastBuilding\Assets\Scripts\Map\VR_ChuangKe_Share.Map.Work.dll
Symbol file LoadedFromMemory doesn't match image G:\Project\UnityProject\FastBuilding\Assets\Scripts\Map\VR_ChuangKe_Share.Map.Tool.dll
Symbol file LoadedFromMemory doesn't match image G:\Project\UnityProject\FastBuilding\Assets\Scripts\Map\VR_ChuangKe_Share.Map.Model.dll
Symbol file LoadedFromMemory doesn't match image G:\Project\UnityProject\FastBuilding\Assets\Scripts\Map\VR_ChuangKe_Share.Map.Mb.dll
Unknown heap type: #GUlD

Unknown heap type: #Blop

Symbol file LoadedFromMemory doesn't match image G:\Project\UnityProject\FastBuilding\Assets\Scripts\Map\VR_ChuangKe_Share.Map.Base.dll
Native extension for WindowsStandalone target not found
Native extension for WebGL target not found
Refreshing native plugins compatible for Editor in 0.72 ms, found 2 plugins.
Preloading 0 native plugins for Editor in 0.00 ms.
Mono: successfully reloaded assembly
- Completed reload, in  0.982 seconds
Domain Reload Profiling:
	ReloadAssembly (982ms)
		BeginReloadAssembly (112ms)
			ExecutionOrderSort (0ms)
			DisableScriptedObjects (5ms)
			BackupInstance (0ms)
			ReleaseScriptingObjects (0ms)
			CreateAndSetChildDomain (37ms)
		EndReloadAssembly (810ms)
			LoadAssemblies (96ms)
			RebuildTransferFunctionScriptingTraits (0ms)
			SetupTypeCache (296ms)
			ReleaseScriptCaches (1ms)
			RebuildScriptCaches (40ms)
			SetupLoadedEditorAssemblies (285ms)
				LogAssemblyErrors (0ms)
				InitializePlatformSupportModulesInManaged (5ms)
				SetLoadedEditorAssemblies (0ms)
				RefreshPlugins (1ms)
				BeforeProcessingInitializeOnLoad (84ms)
				ProcessInitializeOnLoadAttributes (184ms)
				ProcessInitializeOnLoadMethodAttributes (8ms)
				AfterProcessingInitializeOnLoad (2ms)
				EditorAssembliesLoaded (0ms)
			ExecutionOrderSort2 (0ms)
			AwakeInstancesAfterBackupRestoration (6ms)
Platform modules already initialized, skipping
Refreshing native plugins compatible for Editor in 0.66 ms, found 2 plugins.
Preloading 0 native plugins for Editor in 0.00 ms.
Unloading 1557 Unused Serialized files (Serialized files now loaded: 0)
System memory in use before: 72.8 MB.
System memory in use after: 72.9 MB.

Unloading 27 unused Assets to reduce memory usage. Loaded Objects now: 2020.
Total: 2.972700 ms (FindLiveObjects: 0.148500 ms CreateObjectMapping: 0.036000 ms MarkObjects: 2.767300 ms  DeleteObjects: 0.019600 ms)

AssetImportParameters requested are different than current active one (requested -> active):
  custom:framework-win-MediaFoundation: 216162199b28c13a410421893ffa2e32 -> 
  custom:video-decoder-ogg-theora: a1e56fd34408186e4bbccfd4996cb3dc -> 
  custom:container-muxer-webm: aa71ff27fc2769a1b78a27578f13a17b -> 
  custom:container-demuxer-webm: 4f35f7cbe854078d1ac9338744f61a02 -> 
  custom:container-demuxer-ogg: 62fdf1f143b41e24485cea50d1cbac27 -> 
  custom:video-encoder-webm-vp8: eb34c28f22e8b96e1ab97ce403110664 -> 
  custom:video-decoder-webm-vp8: 9c59270c3fd7afecdb556c50c9e8de78 -> 
  custom:audio-decoder-ogg-vorbis: bf7c407c2cedff20999df2af8eb42d56 -> 
  custom:audio-encoder-webm-vorbis: bf7c407c2cedff20999df2af8eb42d56 -> 
========================================================================
Received Import Request.
  Time since last request: 523.781474 seconds.
  path: Assets/Scripts/FastBuilding/Initialization.cs
  artifactKey: Guid(6ce757c97023e954ba5b1343d06a7169) Importer(815301076,1909f56bfc062723c751e8b465ee728b)
Start importing Assets/Scripts/FastBuilding/Initialization.cs using Guid(6ce757c97023e954ba5b1343d06a7169) Importer(815301076,1909f56bfc062723c751e8b465ee728b)  -> (artifact id: 'fa392964f4d333b050a7595c284d0bb8') in 0.007559 seconds 
  Import took 0.010387 seconds .

========================================================================
Received Prepare
Registering precompiled user dll's ...
Registered in 0.005461 seconds.
Begin MonoManager ReloadAssembly
Symbol file LoadedFromMemory doesn't match image G:\Project\UnityProject\FastBuilding\Assets\Scripts\Map\VR_ChuangKe_Share.Map.Work.dll
Symbol file LoadedFromMemory doesn't match image G:\Project\UnityProject\FastBuilding\Assets\Scripts\Map\VR_ChuangKe_Share.Map.Tool.dll
Symbol file LoadedFromMemory doesn't match image G:\Project\UnityProject\FastBuilding\Assets\Scripts\Map\VR_ChuangKe_Share.Map.Model.dll
Symbol file LoadedFromMemory doesn't match image G:\Project\UnityProject\FastBuilding\Assets\Scripts\Map\VR_ChuangKe_Share.Map.Mb.dll
Unknown heap type: #GUlD

Unknown heap type: #Blop

Symbol file LoadedFromMemory doesn't match image G:\Project\UnityProject\FastBuilding\Assets\Scripts\Map\VR_ChuangKe_Share.Map.Base.dll
Native extension for WindowsStandalone target not found
Native extension for WebGL target not found
Refreshing native plugins compatible for Editor in 0.86 ms, found 2 plugins.
Preloading 0 native plugins for Editor in 0.00 ms.
Mono: successfully reloaded assembly
- Completed reload, in  1.025 seconds
Domain Reload Profiling:
	ReloadAssembly (1026ms)
		BeginReloadAssembly (109ms)
			ExecutionOrderSort (0ms)
			DisableScriptedObjects (5ms)
			BackupInstance (0ms)
			ReleaseScriptingObjects (0ms)
			CreateAndSetChildDomain (35ms)
		EndReloadAssembly (856ms)
			LoadAssemblies (94ms)
			RebuildTransferFunctionScriptingTraits (0ms)
			SetupTypeCache (310ms)
			ReleaseScriptCaches (1ms)
			RebuildScriptCaches (39ms)
			SetupLoadedEditorAssemblies (304ms)
				LogAssemblyErrors (0ms)
				InitializePlatformSupportModulesInManaged (6ms)
				SetLoadedEditorAssemblies (1ms)
				RefreshPlugins (1ms)
				BeforeProcessingInitializeOnLoad (80ms)
				ProcessInitializeOnLoadAttributes (205ms)
				ProcessInitializeOnLoadMethodAttributes (9ms)
				AfterProcessingInitializeOnLoad (2ms)
				EditorAssembliesLoaded (0ms)
			ExecutionOrderSort2 (0ms)
			AwakeInstancesAfterBackupRestoration (9ms)
Platform modules already initialized, skipping
Refreshing native plugins compatible for Editor in 0.94 ms, found 2 plugins.
Preloading 0 native plugins for Editor in 0.00 ms.
Unloading 1558 Unused Serialized files (Serialized files now loaded: 0)
System memory in use before: 72.9 MB.
System memory in use after: 73.0 MB.

Unloading 26 unused Assets to reduce memory usage. Loaded Objects now: 2023.
Total: 3.433800 ms (FindLiveObjects: 0.315700 ms CreateObjectMapping: 0.041900 ms MarkObjects: 3.050700 ms  DeleteObjects: 0.023500 ms)

AssetImportParameters requested are different than current active one (requested -> active):
  custom:framework-win-MediaFoundation: 216162199b28c13a410421893ffa2e32 -> 
  custom:video-decoder-ogg-theora: a1e56fd34408186e4bbccfd4996cb3dc -> 
  custom:container-muxer-webm: aa71ff27fc2769a1b78a27578f13a17b -> 
  custom:container-demuxer-webm: 4f35f7cbe854078d1ac9338744f61a02 -> 
  custom:container-demuxer-ogg: 62fdf1f143b41e24485cea50d1cbac27 -> 
  custom:video-encoder-webm-vp8: eb34c28f22e8b96e1ab97ce403110664 -> 
  custom:video-decoder-webm-vp8: 9c59270c3fd7afecdb556c50c9e8de78 -> 
  custom:audio-decoder-ogg-vorbis: bf7c407c2cedff20999df2af8eb42d56 -> 
  custom:audio-encoder-webm-vorbis: bf7c407c2cedff20999df2af8eb42d56 -> 
========================================================================
Received Prepare
Registering precompiled user dll's ...
Registered in 0.006537 seconds.
Begin MonoManager ReloadAssembly
Symbol file LoadedFromMemory doesn't match image G:\Project\UnityProject\FastBuilding\Assets\Scripts\Map\VR_ChuangKe_Share.Map.Work.dll
Symbol file LoadedFromMemory doesn't match image G:\Project\UnityProject\FastBuilding\Assets\Scripts\Map\VR_ChuangKe_Share.Map.Tool.dll
Symbol file LoadedFromMemory doesn't match image G:\Project\UnityProject\FastBuilding\Assets\Scripts\Map\VR_ChuangKe_Share.Map.Model.dll
Symbol file LoadedFromMemory doesn't match image G:\Project\UnityProject\FastBuilding\Assets\Scripts\Map\VR_ChuangKe_Share.Map.Mb.dll
Unknown heap type: #GUlD

Unknown heap type: #Blop

Symbol file LoadedFromMemory doesn't match image G:\Project\UnityProject\FastBuilding\Assets\Scripts\Map\VR_ChuangKe_Share.Map.Base.dll
Native extension for WindowsStandalone target not found
Native extension for WebGL target not found
Refreshing native plugins compatible for Editor in 0.66 ms, found 2 plugins.
Preloading 0 native plugins for Editor in 0.00 ms.
Mono: successfully reloaded assembly
- Completed reload, in  1.003 seconds
Domain Reload Profiling:
	ReloadAssembly (1004ms)
		BeginReloadAssembly (122ms)
			ExecutionOrderSort (0ms)
			DisableScriptedObjects (6ms)
			BackupInstance (0ms)
			ReleaseScriptingObjects (0ms)
			CreateAndSetChildDomain (42ms)
		EndReloadAssembly (815ms)
			LoadAssemblies (103ms)
			RebuildTransferFunctionScriptingTraits (0ms)
			SetupTypeCache (300ms)
			ReleaseScriptCaches (1ms)
			RebuildScriptCaches (40ms)
			SetupLoadedEditorAssemblies (279ms)
				LogAssemblyErrors (0ms)
				InitializePlatformSupportModulesInManaged (6ms)
				SetLoadedEditorAssemblies (1ms)
				RefreshPlugins (1ms)
				BeforeProcessingInitializeOnLoad (81ms)
				ProcessInitializeOnLoadAttributes (180ms)
				ProcessInitializeOnLoadMethodAttributes (8ms)
				AfterProcessingInitializeOnLoad (2ms)
				EditorAssembliesLoaded (0ms)
			ExecutionOrderSort2 (0ms)
			AwakeInstancesAfterBackupRestoration (7ms)
Platform modules already initialized, skipping
Refreshing native plugins compatible for Editor in 0.74 ms, found 2 plugins.
Preloading 0 native plugins for Editor in 0.00 ms.
Unloading 1558 Unused Serialized files (Serialized files now loaded: 0)
System memory in use before: 72.9 MB.
System memory in use after: 73.0 MB.

Unloading 26 unused Assets to reduce memory usage. Loaded Objects now: 2025.
Total: 2.819500 ms (FindLiveObjects: 0.153400 ms CreateObjectMapping: 0.037100 ms MarkObjects: 2.610100 ms  DeleteObjects: 0.017800 ms)

AssetImportParameters requested are different than current active one (requested -> active):
  custom:framework-win-MediaFoundation: 216162199b28c13a410421893ffa2e32 -> 
  custom:video-decoder-ogg-theora: a1e56fd34408186e4bbccfd4996cb3dc -> 
  custom:container-muxer-webm: aa71ff27fc2769a1b78a27578f13a17b -> 
  custom:container-demuxer-webm: 4f35f7cbe854078d1ac9338744f61a02 -> 
  custom:container-demuxer-ogg: 62fdf1f143b41e24485cea50d1cbac27 -> 
  custom:video-encoder-webm-vp8: eb34c28f22e8b96e1ab97ce403110664 -> 
  custom:video-decoder-webm-vp8: 9c59270c3fd7afecdb556c50c9e8de78 -> 
  custom:audio-decoder-ogg-vorbis: bf7c407c2cedff20999df2af8eb42d56 -> 
  custom:audio-encoder-webm-vorbis: bf7c407c2cedff20999df2af8eb42d56 -> 
========================================================================
Received Import Request.
  Time since last request: 1410.556271 seconds.
  path: Assets/Scripts/FastBuilding/Initialization.cs
  artifactKey: Guid(6ce757c97023e954ba5b1343d06a7169) Importer(815301076,1909f56bfc062723c751e8b465ee728b)
Start importing Assets/Scripts/FastBuilding/Initialization.cs using Guid(6ce757c97023e954ba5b1343d06a7169) Importer(815301076,1909f56bfc062723c751e8b465ee728b)  -> (artifact id: 'b3e86a05e9ff8252d2e941314f300ff6') in 0.006392 seconds 
  Import took 0.008830 seconds .

========================================================================
Received Prepare
Registering precompiled user dll's ...
Registered in 0.005555 seconds.
Begin MonoManager ReloadAssembly
Symbol file LoadedFromMemory doesn't match image G:\Project\UnityProject\FastBuilding\Assets\Scripts\Map\VR_ChuangKe_Share.Map.Work.dll
Symbol file LoadedFromMemory doesn't match image G:\Project\UnityProject\FastBuilding\Assets\Scripts\Map\VR_ChuangKe_Share.Map.Tool.dll
Symbol file LoadedFromMemory doesn't match image G:\Project\UnityProject\FastBuilding\Assets\Scripts\Map\VR_ChuangKe_Share.Map.Model.dll
Symbol file LoadedFromMemory doesn't match image G:\Project\UnityProject\FastBuilding\Assets\Scripts\Map\VR_ChuangKe_Share.Map.Mb.dll
Unknown heap type: #GUlD

Unknown heap type: #Blop

Symbol file LoadedFromMemory doesn't match image G:\Project\UnityProject\FastBuilding\Assets\Scripts\Map\VR_ChuangKe_Share.Map.Base.dll
Native extension for WindowsStandalone target not found
Native extension for WebGL target not found
Refreshing native plugins compatible for Editor in 0.74 ms, found 2 plugins.
Preloading 0 native plugins for Editor in 0.00 ms.
Mono: successfully reloaded assembly
- Completed reload, in  1.000 seconds
Domain Reload Profiling:
	ReloadAssembly (1000ms)
		BeginReloadAssembly (105ms)
			ExecutionOrderSort (0ms)
			DisableScriptedObjects (5ms)
			BackupInstance (0ms)
			ReleaseScriptingObjects (0ms)
			CreateAndSetChildDomain (32ms)
		EndReloadAssembly (836ms)
			LoadAssemblies (93ms)
			RebuildTransferFunctionScriptingTraits (0ms)
			SetupTypeCache (295ms)
			ReleaseScriptCaches (1ms)
			RebuildScriptCaches (38ms)
			SetupLoadedEditorAssemblies (311ms)
				LogAssemblyErrors (0ms)
				InitializePlatformSupportModulesInManaged (6ms)
				SetLoadedEditorAssemblies (0ms)
				RefreshPlugins (1ms)
				BeforeProcessingInitializeOnLoad (83ms)
				ProcessInitializeOnLoadAttributes (210ms)
				ProcessInitializeOnLoadMethodAttributes (9ms)
				AfterProcessingInitializeOnLoad (2ms)
				EditorAssembliesLoaded (0ms)
			ExecutionOrderSort2 (0ms)
			AwakeInstancesAfterBackupRestoration (8ms)
Platform modules already initialized, skipping
Refreshing native plugins compatible for Editor in 0.87 ms, found 2 plugins.
Preloading 0 native plugins for Editor in 0.00 ms.
Unloading 1558 Unused Serialized files (Serialized files now loaded: 0)
System memory in use before: 72.9 MB.
System memory in use after: 73.0 MB.

Unloading 26 unused Assets to reduce memory usage. Loaded Objects now: 2027.
Total: 3.144400 ms (FindLiveObjects: 0.162600 ms CreateObjectMapping: 0.038900 ms MarkObjects: 2.819800 ms  DeleteObjects: 0.121500 ms)

AssetImportParameters requested are different than current active one (requested -> active):
  custom:framework-win-MediaFoundation: 216162199b28c13a410421893ffa2e32 -> 
  custom:video-decoder-ogg-theora: a1e56fd34408186e4bbccfd4996cb3dc -> 
  custom:container-muxer-webm: aa71ff27fc2769a1b78a27578f13a17b -> 
  custom:container-demuxer-webm: 4f35f7cbe854078d1ac9338744f61a02 -> 
  custom:container-demuxer-ogg: 62fdf1f143b41e24485cea50d1cbac27 -> 
  custom:video-encoder-webm-vp8: eb34c28f22e8b96e1ab97ce403110664 -> 
  custom:video-decoder-webm-vp8: 9c59270c3fd7afecdb556c50c9e8de78 -> 
  custom:audio-decoder-ogg-vorbis: bf7c407c2cedff20999df2af8eb42d56 -> 
  custom:audio-encoder-webm-vorbis: bf7c407c2cedff20999df2af8eb42d56 -> 
========================================================================
Received Import Request.
  Time since last request: 495.967236 seconds.
  path: Assets/Scripts/FastBuilding/Initialization.cs
  artifactKey: Guid(6ce757c97023e954ba5b1343d06a7169) Importer(815301076,1909f56bfc062723c751e8b465ee728b)
Start importing Assets/Scripts/FastBuilding/Initialization.cs using Guid(6ce757c97023e954ba5b1343d06a7169) Importer(815301076,1909f56bfc062723c751e8b465ee728b)  -> (artifact id: 'f3a1bda19137856f9f53dcc339c36f3b') in 0.006978 seconds 
  Import took 0.009676 seconds .

========================================================================
Received Prepare
Registering precompiled user dll's ...
Registered in 0.005932 seconds.
Begin MonoManager ReloadAssembly
Symbol file LoadedFromMemory doesn't match image G:\Project\UnityProject\FastBuilding\Assets\Scripts\Map\VR_ChuangKe_Share.Map.Work.dll
Symbol file LoadedFromMemory doesn't match image G:\Project\UnityProject\FastBuilding\Assets\Scripts\Map\VR_ChuangKe_Share.Map.Tool.dll
Symbol file LoadedFromMemory doesn't match image G:\Project\UnityProject\FastBuilding\Assets\Scripts\Map\VR_ChuangKe_Share.Map.Model.dll
Symbol file LoadedFromMemory doesn't match image G:\Project\UnityProject\FastBuilding\Assets\Scripts\Map\VR_ChuangKe_Share.Map.Mb.dll
Unknown heap type: #GUlD

Unknown heap type: #Blop

Symbol file LoadedFromMemory doesn't match image G:\Project\UnityProject\FastBuilding\Assets\Scripts\Map\VR_ChuangKe_Share.Map.Base.dll
Native extension for WindowsStandalone target not found
Native extension for WebGL target not found
Refreshing native plugins compatible for Editor in 0.76 ms, found 2 plugins.
Preloading 0 native plugins for Editor in 0.00 ms.
Mono: successfully reloaded assembly
- Completed reload, in  1.037 seconds
Domain Reload Profiling:
	ReloadAssembly (1038ms)
		BeginReloadAssembly (113ms)
			ExecutionOrderSort (0ms)
			DisableScriptedObjects (5ms)
			BackupInstance (0ms)
			ReleaseScriptingObjects (0ms)
			CreateAndSetChildDomain (33ms)
		EndReloadAssembly (859ms)
			LoadAssemblies (102ms)
			RebuildTransferFunctionScriptingTraits (0ms)
			SetupTypeCache (318ms)
			ReleaseScriptCaches (1ms)
			RebuildScriptCaches (44ms)
			SetupLoadedEditorAssemblies (294ms)
				LogAssemblyErrors (0ms)
				InitializePlatformSupportModulesInManaged (6ms)
				SetLoadedEditorAssemblies (0ms)
				RefreshPlugins (1ms)
				BeforeProcessingInitializeOnLoad (84ms)
				ProcessInitializeOnLoadAttributes (191ms)
				ProcessInitializeOnLoadMethodAttributes (9ms)
				AfterProcessingInitializeOnLoad (2ms)
				EditorAssembliesLoaded (1ms)
			ExecutionOrderSort2 (0ms)
			AwakeInstancesAfterBackupRestoration (7ms)
Platform modules already initialized, skipping
Refreshing native plugins compatible for Editor in 0.71 ms, found 2 plugins.
Preloading 0 native plugins for Editor in 0.00 ms.
Unloading 1558 Unused Serialized files (Serialized files now loaded: 0)
System memory in use before: 72.9 MB.
System memory in use after: 73.0 MB.

Unloading 26 unused Assets to reduce memory usage. Loaded Objects now: 2029.
Total: 3.017100 ms (FindLiveObjects: 0.151900 ms CreateObjectMapping: 0.037400 ms MarkObjects: 2.807900 ms  DeleteObjects: 0.018800 ms)

AssetImportParameters requested are different than current active one (requested -> active):
  custom:framework-win-MediaFoundation: 216162199b28c13a410421893ffa2e32 -> 
  custom:video-decoder-ogg-theora: a1e56fd34408186e4bbccfd4996cb3dc -> 
  custom:container-muxer-webm: aa71ff27fc2769a1b78a27578f13a17b -> 
  custom:container-demuxer-webm: 4f35f7cbe854078d1ac9338744f61a02 -> 
  custom:container-demuxer-ogg: 62fdf1f143b41e24485cea50d1cbac27 -> 
  custom:video-encoder-webm-vp8: eb34c28f22e8b96e1ab97ce403110664 -> 
  custom:video-decoder-webm-vp8: 9c59270c3fd7afecdb556c50c9e8de78 -> 
  custom:audio-decoder-ogg-vorbis: bf7c407c2cedff20999df2af8eb42d56 -> 
  custom:audio-encoder-webm-vorbis: bf7c407c2cedff20999df2af8eb42d56 -> 
========================================================================
Received Prepare
Registering precompiled user dll's ...
Registered in 0.006131 seconds.
Begin MonoManager ReloadAssembly
Symbol file LoadedFromMemory doesn't match image G:\Project\UnityProject\FastBuilding\Assets\Scripts\Map\VR_ChuangKe_Share.Map.Work.dll
Symbol file LoadedFromMemory doesn't match image G:\Project\UnityProject\FastBuilding\Assets\Scripts\Map\VR_ChuangKe_Share.Map.Tool.dll
Symbol file LoadedFromMemory doesn't match image G:\Project\UnityProject\FastBuilding\Assets\Scripts\Map\VR_ChuangKe_Share.Map.Model.dll
Symbol file LoadedFromMemory doesn't match image G:\Project\UnityProject\FastBuilding\Assets\Scripts\Map\VR_ChuangKe_Share.Map.Mb.dll
Unknown heap type: #GUlD

Unknown heap type: #Blop

Symbol file LoadedFromMemory doesn't match image G:\Project\UnityProject\FastBuilding\Assets\Scripts\Map\VR_ChuangKe_Share.Map.Base.dll
Native extension for WindowsStandalone target not found
Native extension for WebGL target not found
Refreshing native plugins compatible for Editor in 0.69 ms, found 2 plugins.
Preloading 0 native plugins for Editor in 0.00 ms.
Mono: successfully reloaded assembly
- Completed reload, in  1.008 seconds
Domain Reload Profiling:
	ReloadAssembly (1008ms)
		BeginReloadAssembly (113ms)
			ExecutionOrderSort (0ms)
			DisableScriptedObjects (5ms)
			BackupInstance (0ms)
			ReleaseScriptingObjects (0ms)
			CreateAndSetChildDomain (32ms)
		EndReloadAssembly (828ms)
			LoadAssemblies (106ms)
			RebuildTransferFunctionScriptingTraits (0ms)
			SetupTypeCache (313ms)
			ReleaseScriptCaches (1ms)
			RebuildScriptCaches (42ms)
			SetupLoadedEditorAssemblies (280ms)
				LogAssemblyErrors (0ms)
				InitializePlatformSupportModulesInManaged (5ms)
				SetLoadedEditorAssemblies (1ms)
				RefreshPlugins (1ms)
				BeforeProcessingInitializeOnLoad (78ms)
				ProcessInitializeOnLoadAttributes (184ms)
				ProcessInitializeOnLoadMethodAttributes (9ms)
				AfterProcessingInitializeOnLoad (2ms)
				EditorAssembliesLoaded (0ms)
			ExecutionOrderSort2 (0ms)
			AwakeInstancesAfterBackupRestoration (7ms)
Platform modules already initialized, skipping
Refreshing native plugins compatible for Editor in 0.80 ms, found 2 plugins.
Preloading 0 native plugins for Editor in 0.00 ms.
Unloading 1558 Unused Serialized files (Serialized files now loaded: 0)
System memory in use before: 72.9 MB.
System memory in use after: 73.0 MB.

Unloading 26 unused Assets to reduce memory usage. Loaded Objects now: 2031.
Total: 2.906400 ms (FindLiveObjects: 0.180000 ms CreateObjectMapping: 0.063100 ms MarkObjects: 2.646300 ms  DeleteObjects: 0.016000 ms)

AssetImportParameters requested are different than current active one (requested -> active):
  custom:framework-win-MediaFoundation: 216162199b28c13a410421893ffa2e32 -> 
  custom:video-decoder-ogg-theora: a1e56fd34408186e4bbccfd4996cb3dc -> 
  custom:container-muxer-webm: aa71ff27fc2769a1b78a27578f13a17b -> 
  custom:container-demuxer-webm: 4f35f7cbe854078d1ac9338744f61a02 -> 
  custom:container-demuxer-ogg: 62fdf1f143b41e24485cea50d1cbac27 -> 
  custom:video-encoder-webm-vp8: eb34c28f22e8b96e1ab97ce403110664 -> 
  custom:video-decoder-webm-vp8: 9c59270c3fd7afecdb556c50c9e8de78 -> 
  custom:audio-decoder-ogg-vorbis: bf7c407c2cedff20999df2af8eb42d56 -> 
  custom:audio-encoder-webm-vorbis: bf7c407c2cedff20999df2af8eb42d56 -> 
AssetImportWorkerClient::OnTransportError - code=2 error=End of file
